<?xml version="1.0" encoding="UTF-8"?>
<!-- Generated by org.testng.reporters.JUnitReportReporter -->
<testsuite hostname="ATMECSINDT-088" failures="0" tests="4" name="com.calculator.TestCase" time="0.062" errors="0" timestamp="20 Aug 2019 13:50:08 GMT" skipped="0">
  <testcase classname="com.calculator.TestCase" name="add" time="0.032"/>
  <testcase classname="com.calculator.TestCase" name="sub" time="0.018"/>
  <testcase classname="com.calculator.TestCase" name="mul" time="0.008"/>
  <testcase classname="com.calculator.TestCase" name="div" time="0.004"/>
</testsuite> <!-- com.calculator.TestCase -->
